#
# There is insufficient memory for the Java Runtime Environment to continue.
# Native memory allocation (mmap) failed to map 65536 bytes for Failed to commit metaspace.
# Possible reasons:
#   The system is out of physical RAM or swap space
#   The process is running with CompressedOops enabled, and the Java Heap may be blocking the growth of the native heap
# Possible solutions:
#   Reduce memory load on the system
#   Increase physical memory or swap space
#   Check if swap backing store is full
#   Decrease Java heap size (-Xmx/-Xms)
#   Decrease number of Java threads
#   Decrease Java thread stack sizes (-Xss)
#   Set larger code cache with -XX:ReservedCodeCacheSize=
#   JVM is running with Unscaled Compressed Oops mode in which the Java heap is
#     placed in the first 4GB address space. The Java Heap base address is the
#     maximum limit for the native heap growth. Please use -XX:HeapBaseMinAddress
#     to set the Java Heap base and to place the Java Heap above 4GB virtual address.
# This output file may be truncated or incomplete.
#
#  Out of Memory Error (virtualSpaceNode.cpp:110), pid=18400, tid=18996
#
# JRE version: Java(TM) SE Runtime Environment (17.0.1+12) (build 17.0.1+12-LTS-39)
# Java VM: Java HotSpot(TM) 64-Bit Server VM (17.0.1+12-LTS-39, mixed mode, sharing, tiered, compressed oops, compressed class ptrs, g1 gc, windows-amd64)
# No core dump will be written. Minidumps are not enabled by default on client versions of Windows
#

---------------  S U M M A R Y ------------

Command Line: -javaagent:C:\Program Files\JetBrains\IntelliJ IDEA Community Edition 2021.2.3\lib\idea_rt.jar=55875:C:\Program Files\JetBrains\IntelliJ IDEA Community Edition 2021.2.3\bin -Dfile.encoding=UTF-8 com.dcb.user.UserServiceApplication

Host: Intel(R) Core(TM) i3-8145U CPU @ 2.10GHz, 4 cores, 3G,  Windows 10 , 64 bit Build 22000 (10.0.22000.675)
Time: Wed Jun 15 13:29:38 2022 India Standard Time elapsed time: 0.745381 seconds (0d 0h 0m 0s)

---------------  T H R E A D  ---------------

Current thread (0x000001c8fad551e0):  JavaThread "Monitor Ctrl-Break" daemon [_thread_in_vm, id=18996, stack(0x000000b374500000,0x000000b374600000)]

Stack: [0x000000b374500000,0x000000b374600000]
Native frames: (J=compiled Java code, j=interpreted, Vv=VM code, C=native code)
V  [jvm.dll+0x66fa1a]
V  [jvm.dll+0x7ce5a4]
V  [jvm.dll+0x7cfd4e]
V  [jvm.dll+0x7d03b3]
V  [jvm.dll+0x242b05]
V  [jvm.dll+0x7ca54b]
V  [jvm.dll+0x615b76]
V  [jvm.dll+0x615bda]
V  [jvm.dll+0x6183ea]
V  [jvm.dll+0x616516]
V  [jvm.dll+0x620187]
V  [jvm.dll+0x1e7dcb]
V  [jvm.dll+0x1e8305]
V  [jvm.dll+0x1e8d3f]
V  [jvm.dll+0x1de1f1]
V  [jvm.dll+0x537690]
V  [jvm.dll+0x1ee9d7]
V  [jvm.dll+0x748afb]
V  [jvm.dll+0x749ea2]
V  [jvm.dll+0x74a1d8]
V  [jvm.dll+0x23ae5e]
V  [jvm.dll+0x23b0af]
V  [jvm.dll+0x5554e8]
V  [jvm.dll+0x558350]
V  [jvm.dll+0x37f027]
V  [jvm.dll+0x37e67f]
C  0x000001c88001a5ec

Java frames: (J=compiled Java code, j=interpreted, Vv=VM code)
j  sun.nio.ch.SocketDispatcher.<clinit>()V+22 java.base@17.0.1
v  ~StubRoutines::call_stub
j  sun.nio.ch.NioSocketImpl.<clinit>()V+16 java.base@17.0.1
v  ~StubRoutines::call_stub
j  java.net.SocketImpl.createPlatformSocketImpl(Z)Ljava/net/SocketImpl;+15 java.base@17.0.1
j  java.net.Socket.setImpl()V+22 java.base@17.0.1
j  java.net.Socket.<init>(Ljava/net/SocketAddress;Ljava/net/SocketAddress;Z)V+46 java.base@17.0.1
j  java.net.Socket.<init>(Ljava/lang/String;I)V+34 java.base@17.0.1
j  com.intellij.rt.execution.application.AppMainV2$1.run()V+10
v  ~StubRoutines::call_stub

---------------  P R O C E S S  ---------------

Threads class SMR info:
_java_thread_list=0x000001c8fac8c290, length=13, elements={
0x000001c8ee017880, 0x000001c8ee0c51e0, 0x000001c8ee0c67f0, 0x000001c8ee0d8b10,
0x000001c8ee0dc3f0, 0x000001c8ee0dcda0, 0x000001c8ee0de760, 0x000001c8ee0df4f0,
0x000001c8ee0e0fa0, 0x000001c8ee0ea040, 0x000001c8fa08a9f0, 0x000001c8fad551e0,
0x000001c8fada52e0
}

Java Threads: ( => current thread )
  0x000001c8ee017880 JavaThread "main" [_thread_in_vm, id=3308, stack(0x000000b373200000,0x000000b373300000)]
  0x000001c8ee0c51e0 JavaThread "Reference Handler" daemon [_thread_blocked, id=19524, stack(0x000000b373a00000,0x000000b373b00000)]
  0x000001c8ee0c67f0 JavaThread "Finalizer" daemon [_thread_blocked, id=20284, stack(0x000000b373b00000,0x000000b373c00000)]
  0x000001c8ee0d8b10 JavaThread "Signal Dispatcher" daemon [_thread_blocked, id=8824, stack(0x000000b373d00000,0x000000b373e00000)]
  0x000001c8ee0dc3f0 JavaThread "Attach Listener" daemon [_thread_blocked, id=18252, stack(0x000000b373e00000,0x000000b373f00000)]
  0x000001c8ee0dcda0 JavaThread "Service Thread" daemon [_thread_blocked, id=18616, stack(0x000000b373f00000,0x000000b374000000)]
  0x000001c8ee0de760 JavaThread "Monitor Deflation Thread" daemon [_thread_blocked, id=10736, stack(0x000000b374000000,0x000000b374100000)]
  0x000001c8ee0df4f0 JavaThread "C2 CompilerThread0" daemon [_thread_blocked, id=20168, stack(0x000000b374100000,0x000000b374200000)]
  0x000001c8ee0e0fa0 JavaThread "C1 CompilerThread0" daemon [_thread_in_vm, id=18676, stack(0x000000b374200000,0x000000b374300000)]
  0x000001c8ee0ea040 JavaThread "Sweeper thread" daemon [_thread_blocked, id=11464, stack(0x000000b374300000,0x000000b374400000)]
  0x000001c8fa08a9f0 JavaThread "Common-Cleaner" daemon [_thread_blocked, id=13516, stack(0x000000b374400000,0x000000b374500000)]
=>0x000001c8fad551e0 JavaThread "Monitor Ctrl-Break" daemon [_thread_in_vm, id=18996, stack(0x000000b374500000,0x000000b374600000)]
  0x000001c8fada52e0 JavaThread "Notification Thread" daemon [_thread_blocked, id=6184, stack(0x000000b374600000,0x000000b374700000)]

Other Threads:
  0x000001c8ee0c0f40 VMThread "VM Thread" [stack: 0x000000b373900000,0x000000b373a00000] [id=21424]
  0x000001c8fada6030 WatcherThread [stack: 0x000000b374700000,0x000000b374800000] [id=18820]
  0x000001c8ee044b40 GCTaskThread "GC Thread#0" [stack: 0x000000b373400000,0x000000b373500000] [id=20176]
  0x000001c8ee04d380 ConcurrentGCThread "G1 Main Marker" [stack: 0x000000b373500000,0x000000b373600000] [id=20072]
  0x000001c8ee04dd90 ConcurrentGCThread "G1 Conc#0" [stack: 0x000000b373600000,0x000000b373700000] [id=20556]
  0x000001c8ee08e010 ConcurrentGCThread "G1 Refine#0" [stack: 0x000000b373700000,0x000000b373800000] [id=5504]
  0x000001c8ee08ea30 ConcurrentGCThread "G1 Service" [stack: 0x000000b373800000,0x000000b373900000] [id=7404]

Threads with active compile tasks:
C1 CompilerThread0      836  326       3       java.util.zip.Inflater::ensureOpen (47 bytes)

VM state: not at safepoint (normal execution)

VM Mutex/Monitor currently owned by a thread:  ([mutex/lock_event])
[0x000001c8ee011e00] Metaspace_lock - owner thread: 0x000001c8fad551e0
[0x000001c8ee013710] MethodData_lock - owner thread: 0x000001c8ee0e0fa0

Heap address: 0x00000000c3800000, size: 968 MB, Compressed Oops mode: 32-bit

CDS archive(s) mapped at: [0x0000000800000000-0x0000000800bc0000-0x0000000800bc0000), size 12320768, SharedBaseAddress: 0x0000000800000000, ArchiveRelocationMode: 0.
Compressed class space mapped at: 0x0000000800c00000-0x0000000840c00000, reserved size: 1073741824
Narrow klass base: 0x0000000800000000, Narrow klass shift: 0, Narrow klass range: 0x100000000

GC Precious Log:
 CPUs: 4 total, 4 available
 Memory: 3871M
 Large Page Support: Disabled
 NUMA Support: Disabled
 Compressed Oops: Enabled (32-bit)
 Heap Region Size: 1M
 Heap Min Capacity: 8M
 Heap Initial Capacity: 62M
 Heap Max Capacity: 968M
 Pre-touch: Disabled
 Parallel Workers: 4
 Concurrent Workers: 1
 Concurrent Refinement Workers: 4
 Periodic GC: Disabled

Heap:
 garbage-first heap   total 63488K, used 7168K [0x00000000c3800000, 0x0000000100000000)
  region size 1024K, 7 young (7168K), 0 survivors (0K)
 Metaspace       used 718K, committed 832K, reserved 1056768K
  class space    used 38K, committed 128K, reserved 1048576K

Heap Regions: E=young(eden), S=young(survivor), O=old, HS=humongous(starts), HC=humongous(continues), CS=collection set, F=free, OA=open archive, CA=closed archive, TAMS=top-at-mark-start (previous, next)
|   0|0x00000000c3800000, 0x00000000c3900000, 0x00000000c3900000|100%|HS|  |TAMS 0x00000000c3800000, 0x00000000c3800000| Complete 
|   1|0x00000000c3900000, 0x00000000c3900000, 0x00000000c3a00000|  0%| F|  |TAMS 0x00000000c3900000, 0x00000000c3900000| Untracked 
|   2|0x00000000c3a00000, 0x00000000c3a00000, 0x00000000c3b00000|  0%| F|  |TAMS 0x00000000c3a00000, 0x00000000c3a00000| Untracked 
|   3|0x00000000c3b00000, 0x00000000c3b00000, 0x00000000c3c00000|  0%| F|  |TAMS 0x00000000c3b00000, 0x00000000c3b00000| Untracked 
|   4|0x00000000c3c00000, 0x00000000c3c00000, 0x00000000c3d00000|  0%| F|  |TAMS 0x00000000c3c00000, 0x00000000c3c00000| Untracked 
|   5|0x00000000c3d00000, 0x00000000c3d00000, 0x00000000c3e00000|  0%| F|  |TAMS 0x00000000c3d00000, 0x00000000c3d00000| Untracked 
|   6|0x00000000c3e00000, 0x00000000c3e00000, 0x00000000c3f00000|  0%| F|  |TAMS 0x00000000c3e00000, 0x00000000c3e00000| Untracked 
|   7|0x00000000c3f00000, 0x00000000c3f00000, 0x00000000c4000000|  0%| F|  |TAMS 0x00000000c3f00000, 0x00000000c3f00000| Untracked 
|   8|0x00000000c4000000, 0x00000000c4000000, 0x00000000c4100000|  0%| F|  |TAMS 0x00000000c4000000, 0x00000000c4000000| Untracked 
|   9|0x00000000c4100000, 0x00000000c4100000, 0x00000000c4200000|  0%| F|  |TAMS 0x00000000c4100000, 0x00000000c4100000| Untracked 
|  10|0x00000000c4200000, 0x00000000c4200000, 0x00000000c4300000|  0%| F|  |TAMS 0x00000000c4200000, 0x00000000c4200000| Untracked 
|  11|0x00000000c4300000, 0x00000000c4300000, 0x00000000c4400000|  0%| F|  |TAMS 0x00000000c4300000, 0x00000000c4300000| Untracked 
|  12|0x00000000c4400000, 0x00000000c4400000, 0x00000000c4500000|  0%| F|  |TAMS 0x00000000c4400000, 0x00000000c4400000| Untracked 
|  13|0x00000000c4500000, 0x00000000c4500000, 0x00000000c4600000|  0%| F|  |TAMS 0x00000000c4500000, 0x00000000c4500000| Untracked 
|  14|0x00000000c4600000, 0x00000000c4600000, 0x00000000c4700000|  0%| F|  |TAMS 0x00000000c4600000, 0x00000000c4600000| Untracked 
|  15|0x00000000c4700000, 0x00000000c4700000, 0x00000000c4800000|  0%| F|  |TAMS 0x00000000c4700000, 0x00000000c4700000| Untracked 
|  16|0x00000000c4800000, 0x00000000c4800000, 0x00000000c4900000|  0%| F|  |TAMS 0x00000000c4800000, 0x00000000c4800000| Untracked 
|  17|0x00000000c4900000, 0x00000000c4900000, 0x00000000c4a00000|  0%| F|  |TAMS 0x00000000c4900000, 0x00000000c4900000| Untracked 
|  18|0x00000000c4a00000, 0x00000000c4a00000, 0x00000000c4b00000|  0%| F|  |TAMS 0x00000000c4a00000, 0x00000000c4a00000| Untracked 
|  19|0x00000000c4b00000, 0x00000000c4b00000, 0x00000000c4c00000|  0%| F|  |TAMS 0x00000000c4b00000, 0x00000000c4b00000| Untracked 
|  20|0x00000000c4c00000, 0x00000000c4c00000, 0x00000000c4d00000|  0%| F|  |TAMS 0x00000000c4c00000, 0x00000000c4c00000| Untracked 
|  21|0x00000000c4d00000, 0x00000000c4d00000, 0x00000000c4e00000|  0%| F|  |TAMS 0x00000000c4d00000, 0x00000000c4d00000| Untracked 
|  22|0x00000000c4e00000, 0x00000000c4e00000, 0x00000000c4f00000|  0%| F|  |TAMS 0x00000000c4e00000, 0x00000000c4e00000| Untracked 
|  23|0x00000000c4f00000, 0x00000000c4f00000, 0x00000000c5000000|  0%| F|  |TAMS 0x00000000c4f00000, 0x00000000c4f00000| Untracked 
|  24|0x00000000c5000000, 0x00000000c5000000, 0x00000000c5100000|  0%| F|  |TAMS 0x00000000c5000000, 0x00000000c5000000| Untracked 
|  25|0x00000000c5100000, 0x00000000c5100000, 0x00000000c5200000|  0%| F|  |TAMS 0x00000000c5100000, 0x00000000c5100000| Untracked 
|  26|0x00000000c5200000, 0x00000000c5200000, 0x00000000c5300000|  0%| F|  |TAMS 0x00000000c5200000, 0x00000000c5200000| Untracked 
|  27|0x00000000c5300000, 0x00000000c5300000, 0x00000000c5400000|  0%| F|  |TAMS 0x00000000c5300000, 0x00000000c5300000| Untracked 
|  28|0x00000000c5400000, 0x00000000c5400000, 0x00000000c5500000|  0%| F|  |TAMS 0x00000000c5400000, 0x00000000c5400000| Untracked 
|  29|0x00000000c5500000, 0x00000000c5500000, 0x00000000c5600000|  0%| F|  |TAMS 0x00000000c5500000, 0x00000000c5500000| Untracked 
|  30|0x00000000c5600000, 0x00000000c5600000, 0x00000000c5700000|  0%| F|  |TAMS 0x00000000c5600000, 0x00000000c5600000| Untracked 
|  31|0x00000000c5700000, 0x00000000c5700000, 0x00000000c5800000|  0%| F|  |TAMS 0x00000000c5700000, 0x00000000c5700000| Untracked 
|  32|0x00000000c5800000, 0x00000000c5800000, 0x00000000c5900000|  0%| F|  |TAMS 0x00000000c5800000, 0x00000000c5800000| Untracked 
|  33|0x00000000c5900000, 0x00000000c5900000, 0x00000000c5a00000|  0%| F|  |TAMS 0x00000000c5900000, 0x00000000c5900000| Untracked 
|  34|0x00000000c5a00000, 0x00000000c5a00000, 0x00000000c5b00000|  0%| F|  |TAMS 0x00000000c5a00000, 0x00000000c5a00000| Untracked 
|  35|0x00000000c5b00000, 0x00000000c5b00000, 0x00000000c5c00000|  0%| F|  |TAMS 0x00000000c5b00000, 0x00000000c5b00000| Untracked 
|  36|0x00000000c5c00000, 0x00000000c5c00000, 0x00000000c5d00000|  0%| F|  |TAMS 0x00000000c5c00000, 0x00000000c5c00000| Untracked 
|  37|0x00000000c5d00000, 0x00000000c5d00000, 0x00000000c5e00000|  0%| F|  |TAMS 0x00000000c5d00000, 0x00000000c5d00000| Untracked 
|  38|0x00000000c5e00000, 0x00000000c5e00000, 0x00000000c5f00000|  0%| F|  |TAMS 0x00000000c5e00000, 0x00000000c5e00000| Untracked 
|  39|0x00000000c5f00000, 0x00000000c5f00000, 0x00000000c6000000|  0%| F|  |TAMS 0x00000000c5f00000, 0x00000000c5f00000| Untracked 
|  40|0x00000000c6000000, 0x00000000c6000000, 0x00000000c6100000|  0%| F|  |TAMS 0x00000000c6000000, 0x00000000c6000000| Untracked 
|  41|0x00000000c6100000, 0x00000000c6100000, 0x00000000c6200000|  0%| F|  |TAMS 0x00000000c6100000, 0x00000000c6100000| Untracked 
|  42|0x00000000c6200000, 0x00000000c6200000, 0x00000000c6300000|  0%| F|  |TAMS 0x00000000c6200000, 0x00000000c6200000| Untracked 
|  43|0x00000000c6300000, 0x00000000c6300000, 0x00000000c6400000|  0%| F|  |TAMS 0x00000000c6300000, 0x00000000c6300000| Untracked 
|  44|0x00000000c6400000, 0x00000000c6400000, 0x00000000c6500000|  0%| F|  |TAMS 0x00000000c6400000, 0x00000000c6400000| Untracked 
|  45|0x00000000c6500000, 0x00000000c6500000, 0x00000000c6600000|  0%| F|  |TAMS 0x00000000c6500000, 0x00000000c6500000| Untracked 
|  46|0x00000000c6600000, 0x00000000c6600000, 0x00000000c6700000|  0%| F|  |TAMS 0x00000000c6600000, 0x00000000c6600000| Untracked 
|  47|0x00000000c6700000, 0x00000000c6700000, 0x00000000c6800000|  0%| F|  |TAMS 0x00000000c6700000, 0x00000000c6700000| Untracked 
|  48|0x00000000c6800000, 0x00000000c6800000, 0x00000000c6900000|  0%| F|  |TAMS 0x00000000c6800000, 0x00000000c6800000| Untracked 
|  49|0x00000000c6900000, 0x00000000c6900000, 0x00000000c6a00000|  0%| F|  |TAMS 0x00000000c6900000, 0x00000000c6900000| Untracked 
|  50|0x00000000c6a00000, 0x00000000c6a00000, 0x00000000c6b00000|  0%| F|  |TAMS 0x00000000c6a00000, 0x00000000c6a00000| Untracked 
|  51|0x00000000c6b00000, 0x00000000c6b00000, 0x00000000c6c00000|  0%| F|  |TAMS 0x00000000c6b00000, 0x00000000c6b00000| Untracked 
|  52|0x00000000c6c00000, 0x00000000c6c00000, 0x00000000c6d00000|  0%| F|  |TAMS 0x00000000c6c00000, 0x00000000c6c00000| Untracked 
|  53|0x00000000c6d00000, 0x00000000c6d00000, 0x00000000c6e00000|  0%| F|  |TAMS 0x00000000c6d00000, 0x00000000c6d00000| Untracked 
|  54|0x00000000c6e00000, 0x00000000c6e00000, 0x00000000c6f00000|  0%| F|  |TAMS 0x00000000c6e00000, 0x00000000c6e00000| Untracked 
|  55|0x00000000c6f00000, 0x00000000c6fe7370, 0x00000000c7000000| 90%| E|  |TAMS 0x00000000c6f00000, 0x00000000c6f00000| Complete 
|  56|0x00000000c7000000, 0x00000000c7100000, 0x00000000c7100000|100%| E|CS|TAMS 0x00000000c7000000, 0x00000000c7000000| Complete 
|  57|0x00000000c7100000, 0x00000000c7200000, 0x00000000c7200000|100%| E|CS|TAMS 0x00000000c7100000, 0x00000000c7100000| Complete 
|  58|0x00000000c7200000, 0x00000000c7300000, 0x00000000c7300000|100%| E|CS|TAMS 0x00000000c7200000, 0x00000000c7200000| Complete 
|  59|0x00000000c7300000, 0x00000000c7400000, 0x00000000c7400000|100%| E|CS|TAMS 0x00000000c7300000, 0x00000000c7300000| Complete 
|  60|0x00000000c7400000, 0x00000000c7500000, 0x00000000c7500000|100%| E|CS|TAMS 0x00000000c7400000, 0x00000000c7400000| Complete 
|  61|0x00000000c7500000, 0x00000000c7600000, 0x00000000c7600000|100%| E|CS|TAMS 0x00000000c7500000, 0x00000000c7500000| Complete 

Card table byte_map: [0x000001c8f5a10000,0x000001c8f5c00000] _byte_map_base: 0x000001c8f53f4000

Marking Bits (Prev, Next): (CMBitMap*) 0x000001c8ee045150, (CMBitMap*) 0x000001c8ee045190
 Prev Bits: [0x000001c8f5df0000, 0x000001c8f6d10000)
 Next Bits: [0x000001c8f6d10000, 0x000001c8f7c30000)

Polling page: 0x000001c8ebf90000

Metaspace:

Usage:
  Non-class:    680.16 KB used.
      Class:     38.25 KB used.
       Both:    718.41 KB used.

Virtual space:
  Non-class space:        8.00 MB reserved,     704.00 KB (  9%) committed,  1 nodes.
      Class space:        1.00 GB reserved,     128.00 KB ( <1%) committed,  1 nodes.
             Both:        1.01 GB reserved,     832.00 KB ( <1%) committed. 

Chunk freelists:
   Non-Class:  3.89 MB
       Class:  3.74 MB
        Both:  7.63 MB

MaxMetaspaceSize: unlimited
CompressedClassSpaceSize: 1.00 GB
Initial GC threshold: 21.00 MB
Current GC threshold: 21.00 MB
CDS: on
MetaspaceReclaimPolicy: balanced
 - commit_granule_bytes: 65536.
 - commit_granule_words: 8192.
 - virtual_space_node_default_size: 1048576.
 - enlarge_chunks_in_place: 1.
 - new_chunks_are_fully_committed: 0.
 - uncommit_free_chunks: 1.
 - use_allocation_guard: 0.
 - handle_deallocations: 1.


Internal statistics:

num_allocs_failed_limit: 0.
num_arena_births: 8.
num_arena_deaths: 0.
num_vsnodes_births: 2.
num_vsnodes_deaths: 0.
num_space_committed: 13.
num_space_uncommitted: 0.
num_chunks_returned_to_freelist: 0.
num_chunks_taken_from_freelist: 20.
num_chunk_merges: 0.
num_chunk_splits: 9.
num_chunks_enlarged: 6.
num_purges: 0.
num_inconsistent_stats: 0.

CodeHeap 'non-profiled nmethods': size=120000Kb used=113Kb max_used=113Kb free=119886Kb
 bounds [0x000001c887ad0000, 0x000001c887d40000, 0x000001c88f000000]
CodeHeap 'profiled nmethods': size=120000Kb used=430Kb max_used=430Kb free=119570Kb
 bounds [0x000001c8805a0000, 0x000001c880810000, 0x000001c887ad0000]
CodeHeap 'non-nmethods': size=5760Kb used=1112Kb max_used=1126Kb free=4648Kb
 bounds [0x000001c880000000, 0x000001c880270000, 0x000001c8805a0000]
 total_blobs=717 nmethods=325 adapters=305
 compilation: enabled
              stopped_count=0, restarted_count=0
 full_count=0

Compilation events (20 events):
Event: 0.721 Thread 0x000001c8ee0e0fa0  314   !   3       jdk.internal.loader.URLClassPath$JarLoader::getResource (65 bytes)
Event: 0.721 Thread 0x000001c8ee0e0fa0 nmethod 314 0x000001c880606610 code [0x000001c880606860, 0x000001c8806071c8]
Event: 0.723 Thread 0x000001c8ee0e0fa0  315   !   3       java.util.jar.JarFile::isMultiRelease (33 bytes)
Event: 0.723 Thread 0x000001c8ee0e0fa0 nmethod 315 0x000001c880607510 code [0x000001c8806076c0, 0x000001c8806078c8]
Event: 0.726 Thread 0x000001c8ee0e0fa0  316       3       java.lang.StringLatin1::indexOf (121 bytes)
Event: 0.726 Thread 0x000001c8ee0e0fa0 nmethod 316 0x000001c880607990 code [0x000001c880607b60, 0x000001c880608058]
Event: 0.727 Thread 0x000001c8ee0e0fa0  317       3       java.lang.String::lastIndexOf (29 bytes)
Event: 0.727 Thread 0x000001c8ee0e0fa0 nmethod 317 0x000001c880608290 code [0x000001c880608460, 0x000001c8806086f8]
Event: 0.727 Thread 0x000001c8ee0e0fa0  319       3       java.util.jar.JarFile::getEntry (35 bytes)
Event: 0.727 Thread 0x000001c8ee0e0fa0 nmethod 319 0x000001c880608810 code [0x000001c880608a00, 0x000001c880608e98]
Event: 0.727 Thread 0x000001c8ee0e0fa0  320       3       java.lang.String::lastIndexOf (12 bytes)
Event: 0.728 Thread 0x000001c8ee0e0fa0 nmethod 320 0x000001c880609010 code [0x000001c880609200, 0x000001c8806095f8]
Event: 0.731 Thread 0x000001c8ee0e0fa0  321       3       java.lang.CharacterData::of (136 bytes)
Event: 0.731 Thread 0x000001c8ee0e0fa0 nmethod 321 0x000001c880609790 code [0x000001c8806099c0, 0x000001c88060a358]
Event: 0.733 Thread 0x000001c8ee0e0fa0  322       3       java.lang.StringUTF16::compress (50 bytes)
Event: 0.733 Thread 0x000001c8ee0e0fa0 nmethod 322 0x000001c88060a590 code [0x000001c88060a740, 0x000001c88060a998]
Event: 0.735 Thread 0x000001c8ee0e0fa0  323       1       java.lang.Class::getModule (5 bytes)
Event: 0.735 Thread 0x000001c8ee0e0fa0 nmethod 323 0x000001c887aebc10 code [0x000001c887aebda0, 0x000001c887aebe78]
Event: 0.735 Thread 0x000001c8ee0e0fa0  324       3       jdk.internal.misc.Unsafe::allocateUninitializedArray0 (90 bytes)
Event: 0.736 Thread 0x000001c8ee0e0fa0 nmethod 324 0x000001c88060ab10 code [0x000001c88060ad20, 0x000001c88060b698]

GC Heap History (0 events):
No events

Deoptimization events (20 events):
Event: 0.465 Thread 0x000001c8ee017880 DEOPT PACKING pc=0x000001c887addd38 sp=0x000000b3732fe290
Event: 0.465 Thread 0x000001c8ee017880 DEOPT UNPACKING pc=0x000001c8800523a3 sp=0x000000b3732fe210 mode 2
Event: 0.465 Thread 0x000001c8ee017880 Uncommon trap: trap_request=0xffffffde fr.pc=0x000001c887addd38 relative=0x0000000000000858
Event: 0.465 Thread 0x000001c8ee017880 Uncommon trap: reason=class_check action=maybe_recompile pc=0x000001c887addd38 method=java.util.HashMap.putVal(ILjava/lang/Object;Ljava/lang/Object;ZZ)Ljava/lang/Object; @ 152 c2
Event: 0.465 Thread 0x000001c8ee017880 DEOPT PACKING pc=0x000001c887addd38 sp=0x000000b3732fe290
Event: 0.465 Thread 0x000001c8ee017880 DEOPT UNPACKING pc=0x000001c8800523a3 sp=0x000000b3732fe210 mode 2
Event: 0.465 Thread 0x000001c8ee017880 Uncommon trap: trap_request=0xffffffde fr.pc=0x000001c887addd38 relative=0x0000000000000858
Event: 0.465 Thread 0x000001c8ee017880 Uncommon trap: reason=class_check action=maybe_recompile pc=0x000001c887addd38 method=java.util.HashMap.putVal(ILjava/lang/Object;Ljava/lang/Object;ZZ)Ljava/lang/Object; @ 152 c2
Event: 0.465 Thread 0x000001c8ee017880 DEOPT PACKING pc=0x000001c887addd38 sp=0x000000b3732fe290
Event: 0.465 Thread 0x000001c8ee017880 DEOPT UNPACKING pc=0x000001c8800523a3 sp=0x000000b3732fe210 mode 2
Event: 0.465 Thread 0x000001c8ee017880 Uncommon trap: trap_request=0xffffffde fr.pc=0x000001c887addd38 relative=0x0000000000000858
Event: 0.465 Thread 0x000001c8ee017880 Uncommon trap: reason=class_check action=maybe_recompile pc=0x000001c887addd38 method=java.util.HashMap.putVal(ILjava/lang/Object;Ljava/lang/Object;ZZ)Ljava/lang/Object; @ 152 c2
Event: 0.465 Thread 0x000001c8ee017880 DEOPT PACKING pc=0x000001c887addd38 sp=0x000000b3732fe290
Event: 0.465 Thread 0x000001c8ee017880 DEOPT UNPACKING pc=0x000001c8800523a3 sp=0x000000b3732fe210 mode 2
Event: 0.594 Thread 0x000001c8ee017880 DEOPT PACKING pc=0x000001c8805af6e7 sp=0x000000b3732fe0b0
Event: 0.594 Thread 0x000001c8ee017880 DEOPT UNPACKING pc=0x000001c880052b43 sp=0x000000b3732fd4d0 mode 0
Event: 0.714 Thread 0x000001c8ee017880 Uncommon trap: trap_request=0xffffff45 fr.pc=0x000001c887ad1378 relative=0x0000000000000078
Event: 0.714 Thread 0x000001c8ee017880 Uncommon trap: reason=unstable_if action=reinterpret pc=0x000001c887ad1378 method=java.lang.String.isLatin1()Z @ 10 c2
Event: 0.714 Thread 0x000001c8ee017880 DEOPT PACKING pc=0x000001c887ad1378 sp=0x000000b3732ff170
Event: 0.714 Thread 0x000001c8ee017880 DEOPT UNPACKING pc=0x000001c8800523a3 sp=0x000000b3732ff0b0 mode 2

Classes unloaded (0 events):
No events

Classes redefined (0 events):
No events

Internal exceptions (1 events):
Event: 0.727 Thread 0x000001c8fad551e0 Exception <a 'java/lang/NoSuchMethodError'{0x00000000c70ff118}: 'java.lang.Object java.lang.invoke.DirectMethodHandle$Holder.invokeStaticInit(java.lang.Object)'> (0x00000000c70ff118) 
thrown [t:\workspace\open\src\hotspot\share\interpreter\linkResolver.cpp, line 766]

VM Operations (4 events):
Event: 0.345 Executing VM operation: HandshakeAllThreads
Event: 0.345 Executing VM operation: HandshakeAllThreads done
Event: 0.720 Executing VM operation: HandshakeAllThreads
Event: 0.721 Executing VM operation: HandshakeAllThreads done

Events (20 events):
Event: 0.719 loading class java/net/InetSocketAddress done
Event: 0.722 loading class java/net/InetSocketAddress$InetSocketAddressHolder
Event: 0.724 loading class java/net/InetSocketAddress$InetSocketAddressHolder done
Event: 0.724 loading class java/net/SocketImpl
Event: 0.726 loading class java/net/SocketOptions
Event: 0.726 loading class java/net/SocketOptions done
Event: 0.726 loading class java/net/SocketImpl done
Event: 0.729 loading class sun/net/NetProperties
Event: 0.729 loading class sun/net/NetProperties done
Event: 0.729 loading class sun/net/NetProperties$1
Event: 0.730 loading class sun/net/NetProperties$1 done
Event: 0.732 loading class sun/nio/ch/NioSocketImpl
Event: 0.734 loading class sun/net/PlatformSocketImpl
Event: 0.735 loading class sun/net/PlatformSocketImpl done
Event: 0.735 loading class sun/nio/ch/NioSocketImpl done
Event: 0.736 loading class sun/nio/ch/SocketDispatcher
Event: 0.737 loading class sun/nio/ch/NativeDispatcher
Event: 0.737 loading class sun/nio/ch/NativeDispatcher done
Event: 0.737 loading class sun/nio/ch/SocketDispatcher done
Event: 0.737 loading class sun/nio/ch/IOUtil


Dynamic libraries:
0x00007ff741e90000 - 0x00007ff741ea0000 	C:\Program Files\Java\jdk-17.0.1\bin\java.exe
0x00007ff8a63a0000 - 0x00007ff8a65a9000 	C:\WINDOWS\SYSTEM32\ntdll.dll
0x00007ff8a5270000 - 0x00007ff8a532d000 	C:\WINDOWS\System32\KERNEL32.DLL
0x00007ff8a3930000 - 0x00007ff8a3ca9000 	C:\WINDOWS\System32\KERNELBASE.dll
0x00007ff8a3cb0000 - 0x00007ff8a3dc1000 	C:\WINDOWS\System32\ucrtbase.dll
0x00007ff893430000 - 0x00007ff893448000 	C:\Program Files\Java\jdk-17.0.1\bin\jli.dll
0x00007ff8a42b0000 - 0x00007ff8a435e000 	C:\WINDOWS\System32\ADVAPI32.dll
0x00007ff8a48a0000 - 0x00007ff8a4943000 	C:\WINDOWS\System32\msvcrt.dll
0x00007ff8a5f60000 - 0x00007ff8a5ffe000 	C:\WINDOWS\System32\sechost.dll
0x00007ff8a6220000 - 0x00007ff8a6340000 	C:\WINDOWS\System32\RPCRT4.dll
0x00007ff8a5500000 - 0x00007ff8a56ac000 	C:\WINDOWS\System32\USER32.dll
0x00007ff8a40f0000 - 0x00007ff8a4116000 	C:\WINDOWS\System32\win32u.dll
0x00007ff8a4370000 - 0x00007ff8a4399000 	C:\WINDOWS\System32\GDI32.dll
0x00007ff8a4120000 - 0x00007ff8a4232000 	C:\WINDOWS\System32\gdi32full.dll
0x00007ff8a3890000 - 0x00007ff8a392d000 	C:\WINDOWS\System32\msvcp_win.dll
0x00007ff893290000 - 0x00007ff8932aa000 	C:\Program Files\Java\jdk-17.0.1\bin\VCRUNTIME140.dll
0x00007ff8816c0000 - 0x00007ff881965000 	C:\WINDOWS\WinSxS\amd64_microsoft.windows.common-controls_6595b64144ccf1df_6.0.22000.120_none_9d947278b86cc467\COMCTL32.dll
0x00007ff8968f0000 - 0x00007ff8968fa000 	C:\WINDOWS\SYSTEM32\VERSION.dll
0x00007ff8a5460000 - 0x00007ff8a5491000 	C:\WINDOWS\System32\IMM32.DLL
0x00007ff897960000 - 0x00007ff89796c000 	C:\Program Files\Java\jdk-17.0.1\bin\vcruntime140_1.dll
0x00007ff892ff0000 - 0x00007ff89307d000 	C:\Program Files\Java\jdk-17.0.1\bin\msvcp140.dll
0x00007ff85b100000 - 0x00007ff85bcbe000 	C:\Program Files\Java\jdk-17.0.1\bin\server\jvm.dll
0x00007ff8a4360000 - 0x00007ff8a4368000 	C:\WINDOWS\System32\PSAPI.DLL
0x00007ff897500000 - 0x00007ff897509000 	C:\WINDOWS\SYSTEM32\WSOCK32.dll
0x00007ff8a4240000 - 0x00007ff8a42af000 	C:\WINDOWS\System32\WS2_32.dll
0x00007ff89d920000 - 0x00007ff89d953000 	C:\WINDOWS\SYSTEM32\WINMM.dll
0x00007ff8a2a00000 - 0x00007ff8a2a18000 	C:\WINDOWS\SYSTEM32\kernel.appcore.dll
0x00007ff8943d0000 - 0x00007ff8943da000 	C:\Program Files\Java\jdk-17.0.1\bin\jimage.dll
0x00007ff89d6a0000 - 0x00007ff89d8c1000 	C:\WINDOWS\SYSTEM32\DBGHELP.DLL
0x00007ff881ce0000 - 0x00007ff881d11000 	C:\WINDOWS\SYSTEM32\dbgcore.DLL
0x00007ff8a3dd0000 - 0x00007ff8a3e4f000 	C:\WINDOWS\System32\bcryptPrimitives.dll
0x00007ff893580000 - 0x00007ff89358e000 	C:\Program Files\Java\jdk-17.0.1\bin\instrument.dll
0x00007ff892fc0000 - 0x00007ff892fe5000 	C:\Program Files\Java\jdk-17.0.1\bin\java.dll
0x00007ff8681b0000 - 0x00007ff868286000 	C:\Program Files\Java\jdk-17.0.1\bin\svml.dll
0x00007ff8a4ac0000 - 0x00007ff8a526f000 	C:\WINDOWS\System32\SHELL32.dll
0x00007ff8a1a00000 - 0x00007ff8a2268000 	C:\WINDOWS\SYSTEM32\windows.storage.dll
0x00007ff8a43a0000 - 0x00007ff8a4718000 	C:\WINDOWS\System32\combase.dll
0x00007ff8a1890000 - 0x00007ff8a19f6000 	C:\WINDOWS\SYSTEM32\wintypes.dll
0x00007ff8a5330000 - 0x00007ff8a541a000 	C:\WINDOWS\System32\SHCORE.dll
0x00007ff8a54a0000 - 0x00007ff8a54fd000 	C:\WINDOWS\System32\shlwapi.dll
0x00007ff8a37c0000 - 0x00007ff8a37e1000 	C:\WINDOWS\SYSTEM32\profapi.dll
0x00007ff892f60000 - 0x00007ff892f78000 	C:\Program Files\Java\jdk-17.0.1\bin\zip.dll
0x00007ff892fa0000 - 0x00007ff892fb9000 	C:\Program Files\Java\jdk-17.0.1\bin\net.dll
0x00007ff89c470000 - 0x00007ff89c57c000 	C:\WINDOWS\SYSTEM32\WINHTTP.dll
0x00007ff8a2e30000 - 0x00007ff8a2e97000 	C:\WINDOWS\system32\mswsock.dll
0x00007ff892f80000 - 0x00007ff892f95000 	C:\Program Files\Java\jdk-17.0.1\bin\nio.dll
0x00007ff892f40000 - 0x00007ff892f5a000 	C:\Program Files\JetBrains\IntelliJ IDEA Community Edition 2021.2.3\bin\breakgen64.dll

dbghelp: loaded successfully - version: 4.0.5 - missing functions: none
symbol engine: initialized successfully - sym options: 0x614 - pdb path: .;C:\Program Files\Java\jdk-17.0.1\bin;C:\WINDOWS\SYSTEM32;C:\WINDOWS\WinSxS\amd64_microsoft.windows.common-controls_6595b64144ccf1df_6.0.22000.120_none_9d947278b86cc467;C:\Program Files\Java\jdk-17.0.1\bin\server;C:\Program Files\JetBrains\IntelliJ IDEA Community Edition 2021.2.3\bin

VM Arguments:
jvm_args: -javaagent:C:\Program Files\JetBrains\IntelliJ IDEA Community Edition 2021.2.3\lib\idea_rt.jar=55875:C:\Program Files\JetBrains\IntelliJ IDEA Community Edition 2021.2.3\bin -Dfile.encoding=UTF-8 
java_command: com.dcb.user.UserServiceApplication
java_class_path (initial): S:\Java spring boot\user-service\target\classes;C:\Users\suraj\.m2\repository\org\springframework\boot\spring-boot-starter-data-jpa\2.7.0\spring-boot-starter-data-jpa-2.7.0.jar;C:\Users\suraj\.m2\repository\org\springframework\boot\spring-boot-starter-aop\2.7.0\spring-boot-starter-aop-2.7.0.jar;C:\Users\suraj\.m2\repository\org\springframework\spring-aop\5.3.20\spring-aop-5.3.20.jar;C:\Users\suraj\.m2\repository\org\aspectj\aspectjweaver\1.9.7\aspectjweaver-1.9.7.jar;C:\Users\suraj\.m2\repository\org\springframework\boot\spring-boot-starter-jdbc\2.7.0\spring-boot-starter-jdbc-2.7.0.jar;C:\Users\suraj\.m2\repository\com\zaxxer\HikariCP\4.0.3\HikariCP-4.0.3.jar;C:\Users\suraj\.m2\repository\org\springframework\spring-jdbc\5.3.20\spring-jdbc-5.3.20.jar;C:\Users\suraj\.m2\repository\jakarta\transaction\jakarta.transaction-api\1.3.3\jakarta.transaction-api-1.3.3.jar;C:\Users\suraj\.m2\repository\jakarta\persistence\jakarta.persistence-api\2.2.3\jakarta.persistence-api-2.2.3.jar;C:\Users\suraj\.m2\repository\org\hibernate\hibernate-core\5.6.9.Final\hibernate-core-5.6.9.Final.jar;C:\Users\suraj\.m2\repository\org\jboss\logging\jboss-logging\3.4.3.Final\jboss-logging-3.4.3.Final.jar;C:\Users\suraj\.m2\repository\net\bytebuddy\byte-buddy\1.12.10\byte-buddy-1.12.10.jar;C:\Users\suraj\.m2\repository\antlr\antlr\2.7.7\antlr-2.7.7.jar;C:\Users\suraj\.m2\repository\org\jboss\jandex\2.4.2.Final\jandex-2.4.2.Final.jar;C:\Users\suraj\.m2\repository\com\fasterxml\classmate\1.5.1\classmate-1.5.1.jar;C:\Users\suraj\.m2\repository\org\hibernate\common\hibernate-commons-annotations\5.1.2.Final\hibernate-commons-annotations-5.1.2.Final.jar;C:\Users\suraj\.m2\repository\org\glassfish\jaxb\jaxb-runtime\2.3.6\jaxb-runtime-2.3.6.jar;C:\Users\suraj\.m2\repository\org\glassfish\jaxb\txw2\2.3.6\txw2-2.3.6.jar;C:\Users\suraj\.m2\repository\com\sun\istack\istack-commons-runtime\3.0.12\istack-commons-runtime-3.0.12.jar;C:\Users\suraj\.m2\repository\com\sun\activation\ja
Launcher Type: SUN_STANDARD

[Global flags]
     intx CICompilerCount                          = 3                                         {product} {ergonomic}
     uint ConcGCThreads                            = 1                                         {product} {ergonomic}
     uint G1ConcRefinementThreads                  = 4                                         {product} {ergonomic}
   size_t G1HeapRegionSize                         = 1048576                                   {product} {ergonomic}
    uintx GCDrainStackTargetSize                   = 64                                        {product} {ergonomic}
   size_t InitialHeapSize                          = 65011712                                  {product} {ergonomic}
   size_t MarkStackSize                            = 4194304                                   {product} {ergonomic}
   size_t MaxHeapSize                              = 1015021568                                {product} {ergonomic}
   size_t MaxNewSize                               = 608174080                                 {product} {ergonomic}
   size_t MinHeapDeltaBytes                        = 1048576                                   {product} {ergonomic}
   size_t MinHeapSize                              = 8388608                                   {product} {ergonomic}
    uintx NonNMethodCodeHeapSize                   = 5832780                                {pd product} {ergonomic}
    uintx NonProfiledCodeHeapSize                  = 122912730                              {pd product} {ergonomic}
    uintx ProfiledCodeHeapSize                     = 122912730                              {pd product} {ergonomic}
    uintx ReservedCodeCacheSize                    = 251658240                              {pd product} {ergonomic}
     bool SegmentedCodeCache                       = true                                      {product} {ergonomic}
   size_t SoftMaxHeapSize                          = 1015021568                             {manageable} {ergonomic}
     bool UseCompressedClassPointers               = true                           {product lp64_product} {ergonomic}
     bool UseCompressedOops                        = true                           {product lp64_product} {ergonomic}
     bool UseG1GC                                  = true                                      {product} {ergonomic}
     bool UseLargePagesIndividualAllocation        = false                                  {pd product} {ergonomic}

Logging:
Log output configuration:
 #0: stdout all=warning uptime,level,tags
 #1: stderr all=off uptime,level,tags

Environment Variables:
PATH=C:\Program Files\Common Files\Oracle\Java\javapath;C:\Program Files\Python310\Scripts\;C:\Program Files\Python310\;C:\Program Files (x86)\Common Files\Intel\Shared Libraries\redist\intel64\compiler;C:\Program Files (x86)\NVIDIA Corporation\PhysX\Common;C:\WINDOWS\system32;C:\WINDOWS;C:\WINDOWS\System32\Wbem;C:\WINDOWS\System32\WindowsPowerShell\v1.0\;C:\WINDOWS\System32\OpenSSH\;C:\Program Files\dotnet\;C:\Program Files\Git\cmd;C:\Program Files\apache-maven-3.8.5\bin\;C:\Users\suraj\AppData\Local\Microsoft\WindowsApps;;C:\Users\suraj\AppData\Local\Programs\Microsoft VS Code\bin;C:\Program Files\JetBrains\IntelliJ IDEA Community Edition 2021.2.3\bin;
USERNAME=suraj
OS=Windows_NT
PROCESSOR_IDENTIFIER=Intel64 Family 6 Model 142 Stepping 12, GenuineIntel



---------------  S Y S T E M  ---------------

OS:
 Windows 10 , 64 bit Build 22000 (10.0.22000.675)
OS uptime: 0 days 16:43 hours

CPU: total 4 (initial active 4) (2 cores per cpu, 2 threads per core) family 6 model 142 stepping 12 microcode 0xde, cx8, cmov, fxsr, ht, mmx, 3dnowpref, sse, sse2, sse3, ssse3, sse4.1, sse4.2, popcnt, lzcnt, tsc, tscinvbit, avx, avx2, aes, erms, clmul, bmi1, bmi2, adx, fma, vzeroupper, clflush, clflushopt

Memory: 4k page, system-wide physical 3871M (399M free)
TotalPageFile size 15647M (AvailPageFile size 0M)
current process WorkingSet (physical memory assigned to process): 40M, peak: 40M
current process commit charge ("private bytes"): 136M, peak: 136M

vm_info: Java HotSpot(TM) 64-Bit Server VM (17.0.1+12-LTS-39) for windows-amd64 JRE (17.0.1+12-LTS-39), built on Sep 27 2021 18:41:35 by "mach5one" with MS VC++ 16.8 (VS2019)

END.
